RAD~
RED*
BANJO
NO*
EY~
PROVOLONE
SWISS
CHEDDER
ABCDEFDCBA
ABCEDFGHIJKLMNOPQRSTUVXYZABCDEFGHIJKIHGFEDCBAZYXVUTSRQPONMLKJIHGFDECBA
ABCEDFGHIJKLMNOPQRSTUVXYZABCDEFGHIJ*
ABCEDFGHIJKLMNOPQRSTUVXYZABCDEFGHIJ~
AAAAAAAAAAAAAAAAAAAAAAAAAAAAAAAAAAA*
AAAAAAAAAAAAAAAAAAAAAAAAAAAAAAAAAAZAAAAAAAAAAAAAAAAAAAAAAAAAAAAAAAAAAA
AAAAAAAAAAAAAAAAAAAAAAAAAAAAAAAAAAAZAAAAAAAAAAAAAAAAAAAAAAAAAAAAAAAAAA
ZZZZZZZZZZZZZZZZZZZZZZZZZZZZZZZZZZZ~
ZZZZZZZZZZZZZZZZZZZZZZZZZZZZZZZZZAZZZZZZZZZZZZZZZZZZZZZZZZZZZZZZZZZZZ
ZZZZZZZZZZZZZZZZZZZZZZZZZZZZZZZZZZZAZZZZZZZZZZZZZZZZZZZZZZZZZZZZZZZZZ
ZZZZZZZZZZZZZZZZZZZZZZZZZZZZZZZZZZA~
AAAAAAAAAAAAAAAAAAAAAAAAAAAAAAAAAA*
ZZZZZZZZZZZZZZZZZZZZZZZZZZZZZZZZZZ~
A~
AB
A*
ABC
AB~
ABAC
AB*
ABBAC~
XYZZY
YZZYX
YZ*
AAAAAAAAAABAAAAAAAAA
AAAAAAAAAAB~
